<?xml version="1.0" encoding="UTF-8"?>
<!-- Generated by org.testng.reporters.JUnitReportReporter -->
<testsuite skipped="0" hostname="rbs-HP-ProBook-450-G1" name="beechtreetest.BeechTreeTestSuite" tests="1" failures="0" timestamp="22 Nov 2016 14:12:58 GMT" time="79.291" errors="0">
  <testcase name="BeechTree" time="79.291" classname="beechtreetest.BeechTreeTestSuite"/>
</testsuite> <!-- beechtreetest.BeechTreeTestSuite -->
